#
# A fatal error has been detected by the Java Runtime Environment:
#
#  EXCEPTION_ACCESS_VIOLATION (0xc0000005) at pc=0x00007ffe2b26fa1a, pid=26116, tid=17172
#
# JRE version: Java(TM) SE Runtime Environment (17.0.1+12) (build 17.0.1+12-LTS-39)
# Java VM: Java HotSpot(TM) 64-Bit Server VM (17.0.1+12-LTS-39, mixed mode, sharing, tiered, compressed oops, compressed class ptrs, g1 gc, windows-amd64)
# Problematic frame:
# V  [jvm.dll+0x36fa1a]
#
# No core dump will be written. Minidumps are not enabled by default on client versions of Windows
#
# If you would like to submit a bug report, please visit:
#   https://bugreport.java.com/bugreport/crash.jsp
#

---------------  S U M M A R Y ------------

Command Line: -agentlib:jdwp=transport=dt_socket,server=n,suspend=y,address=localhost:57946 -XX:+ShowCodeDetailsInExceptionMessages com.zetcco.jobscoutserver.JobscoutServerApplication

Host: Intel(R) Core(TM) i7-9750H CPU @ 2.60GHz, 12 cores, 15G,  Windows 10 , 64 bit Build 19041 (10.0.19041.2913)
Time: Sun May 28 15:58:08 2023 Sri Lanka Standard Time elapsed time: 3.694106 seconds (0d 0h 0m 3s)

---------------  T H R E A D  ---------------

Current thread (0x000002248d9d2ca0):  JavaThread "main" [_thread_in_vm, id=17172, stack(0x000000b752700000,0x000000b752800000)]

Stack: [0x000000b752700000,0x000000b752800000],  sp=0x000000b7527fcc00,  free space=1011k
Native frames: (J=compiled Java code, j=interpreted, Vv=VM code, C=native code)
V  [jvm.dll+0x36fa1a]
V  [jvm.dll+0x370a32]
V  [jvm.dll+0x558b1c]
V  [jvm.dll+0x556a10]
V  [jvm.dll+0x559489]
V  [jvm.dll+0x630b64]
V  [jvm.dll+0x7486d4]
V  [jvm.dll+0x23c596]
V  [jvm.dll+0x238e05]
V  [jvm.dll+0x120830]
V  [jvm.dll+0x120bff]
V  [jvm.dll+0x747df2]
V  [jvm.dll+0x5587dc]
V  [jvm.dll+0x55862c]
V  [jvm.dll+0x37e8d7]
C  0x00000224969e73c3

Java frames: (J=compiled Java code, j=interpreted, Vv=VM code)
j  org.springframework.beans.factory.support.DefaultListableBeanFactory.resolveMultipleBeans(Lorg/springframework/beans/factory/config/DependencyDescriptor;Ljava/lang/String;Ljava/util/Set;Lorg/springframework/beans/TypeConverter;)Ljava/lang/Object;+63
j  org.springframework.beans.factory.support.DefaultListableBeanFactory.doResolveDependency(Lorg/springframework/beans/factory/config/DependencyDescriptor;Ljava/lang/String;Ljava/util/Set;Lorg/springframework/beans/TypeConverter;)Ljava/lang/Object;+211
j  org.springframework.beans.factory.support.DefaultListableBeanFactory$DependencyObjectProvider.resolveStream(Z)Ljava/util/stream/Stream;+24
j  org.springframework.beans.factory.support.DefaultListableBeanFactory$DependencyObjectProvider.orderedStream()Ljava/util/stream/Stream;+2
j  org.springframework.boot.autoconfigure.web.servlet.ServletWebServerFactoryConfiguration$EmbeddedTomcat.tomcatServletWebServerFactory(Lorg/springframework/beans/factory/ObjectProvider;Lorg/springframework/beans/factory/ObjectProvider;Lorg/springframework/beans/factory/ObjectProvider;)Lorg/springframework/boot/web/embedded/tomcat/TomcatServletWebServerFactory;+15
v  ~StubRoutines::call_stub
j  jdk.internal.reflect.NativeMethodAccessorImpl.invoke0(Ljava/lang/reflect/Method;Ljava/lang/Object;[Ljava/lang/Object;)Ljava/lang/Object;+0 java.base@17.0.1
j  jdk.internal.reflect.NativeMethodAccessorImpl.invoke(Ljava/lang/Object;[Ljava/lang/Object;)Ljava/lang/Object;+133 java.base@17.0.1
j  jdk.internal.reflect.DelegatingMethodAccessorImpl.invoke(Ljava/lang/Object;[Ljava/lang/Object;)Ljava/lang/Object;+6 java.base@17.0.1
j  java.lang.reflect.Method.invoke(Ljava/lang/Object;[Ljava/lang/Object;)Ljava/lang/Object;+59 java.base@17.0.1
j  org.springframework.beans.factory.support.SimpleInstantiationStrategy.instantiate(Lorg/springframework/beans/factory/support/RootBeanDefinition;Ljava/lang/String;Lorg/springframework/beans/factory/BeanFactory;Ljava/lang/Object;Ljava/lang/reflect/Method;[Ljava/lang/Object;)Ljava/lang/Object;+30
j  org.springframework.beans.factory.support.ConstructorResolver.instantiate(Ljava/lang/String;Lorg/springframework/beans/factory/support/RootBeanDefinition;Ljava/lang/Object;Ljava/lang/reflect/Method;[Ljava/lang/Object;)Ljava/lang/Object;+18
j  org.springframework.beans.factory.support.ConstructorResolver.instantiateUsingFactoryMethod(Ljava/lang/String;Lorg/springframework/beans/factory/support/RootBeanDefinition;[Ljava/lang/Object;)Lorg/springframework/beans/BeanWrapper;+1438
j  org.springframework.beans.factory.support.AbstractAutowireCapableBeanFactory.instantiateUsingFactoryMethod(Ljava/lang/String;Lorg/springframework/beans/factory/support/RootBeanDefinition;[Ljava/lang/Object;)Lorg/springframework/beans/BeanWrapper;+11
j  org.springframework.beans.factory.support.AbstractAutowireCapableBeanFactory.createBeanInstance(Ljava/lang/String;Lorg/springframework/beans/factory/support/RootBeanDefinition;[Ljava/lang/Object;)Lorg/springframework/beans/BeanWrapper;+88
j  org.springframework.beans.factory.support.AbstractAutowireCapableBeanFactory.doCreateBean(Ljava/lang/String;Lorg/springframework/beans/factory/support/RootBeanDefinition;[Ljava/lang/Object;)Ljava/lang/Object;+34
j  org.springframework.beans.factory.support.AbstractAutowireCapableBeanFactory.createBean(Ljava/lang/String;Lorg/springframework/beans/factory/support/RootBeanDefinition;[Ljava/lang/Object;)Ljava/lang/Object;+153
j  org.springframework.beans.factory.support.AbstractBeanFactory.lambda$doGetBean$0(Ljava/lang/String;Lorg/springframework/beans/factory/support/RootBeanDefinition;[Ljava/lang/Object;)Ljava/lang/Object;+4
j  org.springframework.beans.factory.support.AbstractBeanFactory$$Lambda$253+0x0000000800d9f278.getObject()Ljava/lang/Object;+16
j  org.springframework.beans.factory.support.DefaultSingletonBeanRegistry.getSingleton(Ljava/lang/String;Lorg/springframework/beans/factory/ObjectFactory;)Ljava/lang/Object;+114
J 3032 c1 org.springframework.beans.factory.support.AbstractBeanFactory.doGetBean(Ljava/lang/String;Ljava/lang/Class;[Ljava/lang/Object;Z)Ljava/lang/Object; (714 bytes) @ 0x00000224975c7c84 [0x00000224975c5ce0+0x0000000000001fa4]
J 2689 c1 org.springframework.beans.factory.support.AbstractBeanFactory.getBean(Ljava/lang/String;Ljava/lang/Class;)Ljava/lang/Object; (9 bytes) @ 0x00000224974f3364 [0x00000224974f3240+0x0000000000000124]
j  org.springframework.boot.web.servlet.context.ServletWebServerApplicationContext.getWebServerFactory()Lorg/springframework/boot/web/servlet/server/ServletWebServerFactory;+66
j  org.springframework.boot.web.servlet.context.ServletWebServerApplicationContext.createWebServer()V+31
j  org.springframework.boot.web.servlet.context.ServletWebServerApplicationContext.onRefresh()V+5
j  org.springframework.context.support.AbstractApplicationContext.refresh()V+77
j  org.springframework.boot.web.servlet.context.ServletWebServerApplicationContext.refresh()V+1
j  org.springframework.boot.SpringApplication.refresh(Lorg/springframework/context/ConfigurableApplicationContext;)V+1
j  org.springframework.boot.SpringApplication.refreshContext(Lorg/springframework/context/ConfigurableApplicationContext;)V+16
j  org.springframework.boot.SpringApplication.run([Ljava/lang/String;)Lorg/springframework/context/ConfigurableApplicationContext;+101
j  org.springframework.boot.SpringApplication.run([Ljava/lang/Class;[Ljava/lang/String;)Lorg/springframework/context/ConfigurableApplicationContext;+9
j  org.springframework.boot.SpringApplication.run(Ljava/lang/Class;[Ljava/lang/String;)Lorg/springframework/context/ConfigurableApplicationContext;+9
j  com.zetcco.jobscoutserver.JobscoutServerApplication.main([Ljava/lang/String;)V+3
v  ~StubRoutines::call_stub

siginfo: EXCEPTION_ACCESS_VIOLATION (0xc0000005), reading address 0xffffffffffffffff


Register to memory mapping:

RIP=0x00007ffe2b26fa1a jvm.dll
RAX=0x0000000000000039 is an unknown value
RBX=0x00000224b58bdb88 is pointing into metadata
RCX=0x40000224b58ba100 is an unknown value
RDX=0x000000000000060a is an unknown value
RSP=0x000000b7527fcc00 is pointing into the stack for thread: 0x000002248d9d2ca0
RBP=0x00000224b58bdb88 is pointing into metadata
RSI=0x0 is NULL
RDI=0x0000000000000001 is an unknown value
R8 =0x0000000000000039 is an unknown value
R9 =0x0000000000000039 is an unknown value
R10=0x00000224b4739ca0 points into unknown readable memory: 0x616c001d1e3e0003 | 03 00 3e 1e 1d 00 6c 61
R11=0x000002248d9d3180 points into unknown readable memory: 0x00000224b4e7bdec | ec bd e7 b4 24 02 00 00
R12=0x00000224b4a9c3a0 points into unknown readable memory: 0x4c280076aa920002 | 02 00 92 aa 76 00 28 4c
R13=0x0000000800d39f60 is a pointer to class: 
org.springframework.beans.factory.support.DefaultListableBeanFactory {0x0000000800d39f68}
 - instance size:     27
 - klass size:        428
 - access:            public synchronized 
 - state:             fully_initialized
 - name:              'org/springframework/beans/factory/support/DefaultListableBeanFactory'
 - super:             'org/springframework/beans/factory/support/AbstractAutowireCapableBeanFactory'
 - sub:               
 - arrays:            NULL
 - methods:           Array<T>(0x00000224b58bdb88)
 - method ordering:   Array<T>(0x00000224b58e4060)
 - default_methods:   Array<T>(0x0000000000000000)
 - local interfaces:  Array<T>(0x00000224b58bd9c0)
 - trans. interfaces: Array<T>(0x00000224b58e4008)
 - constants:         constant pool [1700]/operands[163] {0x00000224b58ba108} for 'org/springframework/beans/factory/support/DefaultListableBeanFactory' cache=0x00000224b5948000
 - class loader data:  loader data: 0x00000224b2a13c20 for instance a 'jdk/internal/loader/ClassLoaders$AppClassLoader'{0x000000070294a608}
 - source file:       'DefaultListableBeanFactory.java'
 - class annotations:       Array<T>(0x0000000000000000)
 - class type annotations:  Array<T>(0x0000000000000000)
 - field annotations:       Array<T>(0x00000224b58bd9f0)
 - field type annotations:  Array<T>(0x0000000000000000)
 - inner classes:     Array<T>(0x00000224b58c5dd0)
 - nest members:     Array<T>(0x00000224b58c5e78)
 - permitted subclasses:     Array<T>(0x00000008005af1a8)
 - java mirror:       a 'java/lang/Class'{0x0000000702e08e00} = 'org/springframework/beans/factory/support/DefaultListableBeanFactory'
 - vtable length      234  (start addr: 0x0000000800d3a128)
 - itable length      134 (start addr: 0x0000000800d3a878)
 - ---- static fields (1 words):
 - private static 'javaxInjectProviderClass' 'Ljava/lang/Class;' @112 
 - private static final 'serializableFactories' 'Ljava/util/Map;' @116 
 - ---- non-static fields (51 words):
 - protected final 'logger' 'Lorg/apache/commons/logging/Log;' @12 
 - private final 'aliasMap' 'Ljava/util/Map;' @16 
 - private 'singletonsCurrentlyInDestruction' 'Z' @20 
 - private final 'singletonObjects' 'Ljava/util/Map;' @24 
 - private final 'singletonFactories' 'Ljava/util/Map;' @28 
 - private final 'earlySingletonObjects' 'Ljava/util/Map;' @32 
 - private final 'registeredSingletons' 'Ljava/util/Set;' @36 
 - private final 'singletonsCurrentlyInCreation' 'Ljava/util/Set;' @40 
 - private final 'inCreationCheckExclusions' 'Ljava/util/Set;' @44 
 - private 'suppressedExceptions' 'Ljava/util/Set;' @48 
 - private final 'disposableBeans' 'Ljava/util/Map;' @52 
 - private final 'containedBeanMap' 'Ljava/util/Map;' @56 
 - private final 'dependentBeanMap' 'Ljava/util/Map;' @60 
 - private final 'dependenciesForBeanMap' 'Ljava/util/Map;' @64 
 - private final 'factoryBeanObjectCache' 'Ljava/util/Map;' @68 
 - private 'cacheBeanMetadata' 'Z' @21 
 - private 'parentBeanFactory' 'Lorg/springframework/beans/factory/BeanFactory;' @72 
 - private 'beanClassLoader' 'Ljava/lang/ClassLoader;' @76 
 - private 'tempClassLoader' 'Ljava/lang/ClassLoader;' @80 
 - private 'beanExpressionResolver' 'Lorg/springframework/beans/factory/config/BeanExpressionResolver;' @84 
 - private 'conversionService' 'Lorg/springframework/core/convert/ConversionService;' @88 
 - private final 'propertyEditorRegistrars' 'Ljava/util/Set;' @92 
 - private final 'customEditors' 'Ljava/util/Map;' @96 
 - private 'typeConverter' 'Lorg/springframework/beans/TypeConverter;' @100 
 - private final 'embeddedValueResolvers' 'Ljava/util/List;' @104 
 - private final 'beanPostProcessors' 'Ljava/util/List;' @108 
 - private 'beanPostProcessorCache' 'Lorg/springframework/beans/factory/support/AbstractBeanFactory$BeanPostProcessorCache;' @112 
 - private final 'scopes' 'Ljava/util/Map;' @116 
 - private final 'mergedBeanDefinitions' 'Ljava/util/Map;' @120 
 - private final 'alreadyCreated' 'Ljava/util/Set;' @124 
 - private final 'prototypesCurrentlyInCreation' 'Ljava/lang/ThreadLocal;' @128 
 - private 'applicationStartup' 'Lorg/springframework/core/metrics/ApplicationStartup;' @132 
 - private 'allowCircularReferences' 'Z' @22 
 - private 'allowRawInjectionDespiteWrapping' 'Z' @23 
 - private 'instantiationStrategy' 'Lorg/springframework/beans/factory/support/InstantiationStrategy;' @136 
 - private 'parameterNameDiscoverer' 'Lorg/springframework/core/ParameterNameDiscoverer;' @140 
 - private final 'ignoredDependencyTypes' 'Ljava/util/Set;' @144 
 - private final 'ignoredDependencyInterfaces' 'Ljava/util/Set;' @148 
 - private final 'currentlyCreatedBean' 'Lorg/springframework/core/NamedThreadLocal;' @152 
 - private final 'factoryBeanInstanceCache' 'Ljava/util/concurrent/ConcurrentMap;' @156 
 - private final 'factoryMethodCandidateCache' 'Ljava/util/concurrent/ConcurrentMap;' @160 
 - private final 'filteredPropertyDescriptorsCache' 'Ljava/util/concurrent/ConcurrentMap;' @164 
 - private 'allowBeanDefinitionOverriding' 'Z' @168 
 - private 'allowEagerClassLoading' 'Z' @169 
 - private volatile 'configurationFrozen' 'Z' @170 
 - private 'serializationId' 'Ljava/lang/String;' @172 
 - private 'dependencyComparator' 'Ljava/util/Comparator;' @176 
 - private 'autowireCandidateResolver' 'Lorg/springframework/beans/factory/support/AutowireCandidateResolver;' @180 
 - private final 'resolvableDependencies' 'Ljava/util/Map;' @184 
 - private final 'beanDefinitionMap' 'Ljava/util/Map;' @188 
 - private final 'mergedBeanDefinitionHolders' 'Ljava/util/Map;' @192 
 - private final 'allBeanNamesByType' 'Ljava/util/Map;' @196 
 - private final 'singletonBeanNamesByType' 'Ljava/util/Map;' @200 
 - private volatile 'beanDefinitionNames' 'Ljava/util/List;' @204 
 - private volatile 'manualSingletonNames' 'Ljava/util/Set;' @208 
 - private volatile 'frozenBeanDefinitionNames' '[Ljava/lang/String;' @212 
 - non-static oop maps: 12-16 24-164 172-212 
R14=0x00000224b4739ca0 points into unknown readable memory: 0x616c001d1e3e0003 | 03 00 3e 1e 1d 00 6c 61
R15=0x00000224b4a9c3a0 points into unknown readable memory: 0x4c280076aa920002 | 02 00 92 aa 76 00 28 4c


Registers:
RAX=0x0000000000000039, RBX=0x00000224b58bdb88, RCX=0x40000224b58ba100, RDX=0x000000000000060a
RSP=0x000000b7527fcc00, RBP=0x00000224b58bdb88, RSI=0x0000000000000000, RDI=0x0000000000000001
R8 =0x0000000000000039, R9 =0x0000000000000039, R10=0x00000224b4739ca0, R11=0x000002248d9d3180
R12=0x00000224b4a9c3a0, R13=0x0000000800d39f60, R14=0x00000224b4739ca0, R15=0x00000224b4a9c3a0
RIP=0x00007ffe2b26fa1a, EFLAGS=0x0000000000010206

Top of Stack: (sp=0x000000b7527fcc00)
0x000000b7527fcc00:   0000000000000000 00007ffe2b270a32
0x000000b7527fcc10:   4748160ae0a418c1 0000060a00001000
0x000000b7527fcc20:   000000070520c608 000000012d60760a
0x000000b7527fcc30:   0000000800d39f60 00000224b4739ca0
0x000000b7527fcc40:   000002248d9d2ca0 00007ffe2b458b1c
0x000000b7527fcc50:   0000000000000000 000000b7527fcd50
0x000000b7527fcc60:   000002248d9d2ca0 000000b7527fcf78
0x000000b7527fcc70:   0000000700000000 000000b7527fccd0
0x000000b7527fcc80:   0000000000000011 0000000704ad4018
0x000000b7527fcc90:   00000007029400a0 000002249e52b0e4
0x000000b7527fcca0:   0000000704ad4088 0000000704ad4088
0x000000b7527fccb0:   0000000000004c9d 0000000704ad4088
0x000000b7527fccc0:   000000b7527fd0d0 00000224970c571c
0x000000b7527fccd0:   0000000704ad4088 0000000704ad4040
0x000000b7527fcce0:   0000000704ad4060 000000070293e5b8
0x000000b7527fccf0:   00000224b33aea90 00000224b8695678 

Instructions: (pc=0x00007ffe2b26fa1a)
0x00007ffe2b26f91a:   00 e8 d0 30 ed ff e8 6b fc 2f 00 c6 05 e5 9a 77
0x00007ffe2b26f92a:   00 01 4c 8b f3 48 8b 9b 78 01 00 00 41 ff c4 48
0x00007ffe2b26f93a:   85 db 0f 85 fe fe ff ff 4c 8b bc 24 88 00 00 00
0x00007ffe2b26f94a:   48 8b bc 24 90 00 00 00 48 8b ac 24 98 00 00 00
0x00007ffe2b26f95a:   48 83 3d 5e 9b 77 00 00 4c 8b 6c 24 40 48 8b 5c
0x00007ffe2b26f96a:   24 68 74 12 44 8b c6 48 8d 0d a8 e4 58 00 41 8b
0x00007ffe2b26f97a:   d4 e8 50 60 ff ff 48 83 3f 00 4c 8b 64 24 48 48
0x00007ffe2b26f98a:   8b 74 24 58 74 15 48 8b 54 24 20 49 8b cf e8 13
0x00007ffe2b26f99a:   af d3 ff 48 8b cf e8 7b ae d3 ff 48 8b 44 24 28
0x00007ffe2b26f9aa:   49 89 7f 10 48 8b 7c 24 50 49 89 6f 18 48 8b 6c
0x00007ffe2b26f9ba:   24 60 49 89 47 20 4c 8b 7c 24 38 48 83 c4 70 41
0x00007ffe2b26f9ca:   5e c3 cc cc cc cc 40 53 80 3d 37 9a 77 00 00 4c
0x00007ffe2b26f9da:   8b d2 48 8b d9 74 06 5b e9 69 c4 ff ff 44 8b 01
0x00007ffe2b26f9ea:   45 33 c9 41 83 e8 01 78 3f 0f 1f 40 00 66 0f 1f
0x00007ffe2b26f9fa:   84 00 00 00 00 00 43 8d 04 08 d1 f8 48 63 c8 48
0x00007ffe2b26fa0a:   8b 54 cb 08 48 8b 4a 08 0f b7 51 22 48 8b 49 08
0x00007ffe2b26fa1a:   4c 39 54 d1 48 73 06 44 8d 48 01 eb 06 74 0e 44
0x00007ffe2b26fa2a:   8d 40 ff 45 3b c8 7e ce b8 ff ff ff ff 5b c3 cc
0x00007ffe2b26fa3a:   cc cc cc cc cc cc 4c 8b dc 53 57 48 81 ec e8 00
0x00007ffe2b26fa4a:   00 00 48 8b 05 25 15 74 00 48 33 c4 48 89 84 24
0x00007ffe2b26fa5a:   d0 00 00 00 49 89 73 20 33 ff 4d 89 73 e8 48 8b
0x00007ffe2b26fa6a:   f2 4c 8b f1 48 85 c9 75 04 8b df eb 5e 48 89 ac
0x00007ffe2b26fa7a:   24 10 01 00 00 48 8b aa 38 02 00 00 48 8b 5d 18
0x00007ffe2b26fa8a:   48 83 fb f7 76 18 4c 8d 05 31 0c 54 00 ba 08 00
0x00007ffe2b26fa9a:   00 00 48 8b cd e8 8c ae d3 ff 48 8b 5d 18 48 8d
0x00007ffe2b26faaa:   43 08 48 3b 45 20 76 14 45 33 c0 48 8b cd 41 8d
0x00007ffe2b26faba:   50 08 e8 ef aa d3 ff 48 8b d8 eb 04 48 89 45 18
0x00007ffe2b26faca:   48 8b ac 24 10 01 00 00 4c 89 33 48 8b 0d dc f3
0x00007ffe2b26fada:   7a 00 48 8d 44 24 58 48 89 84 24 a8 00 00 00 48
0x00007ffe2b26faea:   8d 84 24 99 00 00 00 48 89 84 24 b0 00 00 00 c7
0x00007ffe2b26fafa:   44 24 38 0e 00 00 00 48 89 bc 24 c8 00 00 00 c7
0x00007ffe2b26fb0a:   84 24 bc 00 00 00 08 00 00 00 40 88 bc 24 c0 00 


Stack slot to memory mapping:
stack at sp + 0 slots: 0x0 is NULL
stack at sp + 1 slots: 0x00007ffe2b270a32 jvm.dll
stack at sp + 2 slots: 0x4748160ae0a418c1 is an unknown value
stack at sp + 3 slots: 0x0000060a00001000 is an unknown value
stack at sp + 4 slots: 0x000000070520c608 is an oop: [Ljava.util.concurrent.ConcurrentHashMap$Node; 
{0x000000070520c608} - klass: 'java/util/concurrent/ConcurrentHashMap$Node'[]
 - length: 4096
stack at sp + 5 slots: 0x000000012d60760a is an unknown value
stack at sp + 6 slots: 0x0000000800d39f60 is a pointer to class: 
org.springframework.beans.factory.support.DefaultListableBeanFactory {0x0000000800d39f68}
 - instance size:     27
 - klass size:        428
 - access:            public synchronized 
 - state:             fully_initialized
 - name:              'org/springframework/beans/factory/support/DefaultListableBeanFactory'
 - super:             'org/springframework/beans/factory/support/AbstractAutowireCapableBeanFactory'
 - sub:               
 - arrays:            NULL
 - methods:           Array<T>(0x00000224b58bdb88)
 - method ordering:   Array<T>(0x00000224b58e4060)
 - default_methods:   Array<T>(0x0000000000000000)
 - local interfaces:  Array<T>(0x00000224b58bd9c0)
 - trans. interfaces: Array<T>(0x00000224b58e4008)
 - constants:         constant pool [1700]/operands[163] {0x00000224b58ba108} for 'org/springframework/beans/factory/support/DefaultListableBeanFactory' cache=0x00000224b5948000
 - class loader data:  loader data: 0x00000224b2a13c20 for instance a 'jdk/internal/loader/ClassLoaders$AppClassLoader'{0x000000070294a608}
 - source file:       'DefaultListableBeanFactory.java'
 - class annotations:       Array<T>(0x0000000000000000)
 - class type annotations:  Array<T>(0x0000000000000000)
 - field annotations:       Array<T>(0x00000224b58bd9f0)
 - field type annotations:  Array<T>(0x0000000000000000)
 - inner classes:     Array<T>(0x00000224b58c5dd0)
 - nest members:     Array<T>(0x00000224b58c5e78)
 - permitted subclasses:     Array<T>(0x00000008005af1a8)
 - java mirror:       a 'java/lang/Class'{0x0000000702e08e00} = 'org/springframework/beans/factory/support/DefaultListableBeanFactory'
 - vtable length      234  (start addr: 0x0000000800d3a128)
 - itable length      134 (start addr: 0x0000000800d3a878)
 - ---- static fields (1 words):
 - private static 'javaxInjectProviderClass' 'Ljava/lang/Class;' @112 
 - private static final 'serializableFactories' 'Ljava/util/Map;' @116 
 - ---- non-static fields (51 words):
 - protected final 'logger' 'Lorg/apache/commons/logging/Log;' @12 
 - private final 'aliasMap' 'Ljava/util/Map;' @16 
 - private 'singletonsCurrentlyInDestruction' 'Z' @20 
 - private final 'singletonObjects' 'Ljava/util/Map;' @24 
 - private final 'singletonFactories' 'Ljava/util/Map;' @28 
 - private final 'earlySingletonObjects' 'Ljava/util/Map;' @32 
 - private final 'registeredSingletons' 'Ljava/util/Set;' @36 
 - private final 'singletonsCurrentlyInCreation' 'Ljava/util/Set;' @40 
 - private final 'inCreationCheckExclusions' 'Ljava/util/Set;' @44 
 - private 'suppressedExceptions' 'Ljava/util/Set;' @48 
 - private final 'disposableBeans' 'Ljava/util/Map;' @52 
 - private final 'containedBeanMap' 'Ljava/util/Map;' @56 
 - private final 'dependentBeanMap' 'Ljava/util/Map;' @60 
 - private final 'dependenciesForBeanMap' 'Ljava/util/Map;' @64 
 - private final 'factoryBeanObjectCache' 'Ljava/util/Map;' @68 
 - private 'cacheBeanMetadata' 'Z' @21 
 - private 'parentBeanFactory' 'Lorg/springframework/beans/factory/BeanFactory;' @72 
 - private 'beanClassLoader' 'Ljava/lang/ClassLoader;' @76 
 - private 'tempClassLoader' 'Ljava/lang/ClassLoader;' @80 
 - private 'beanExpressionResolver' 'Lorg/springframework/beans/factory/config/BeanExpressionResolver;' @84 
 - private 'conversionService' 'Lorg/springframework/core/convert/ConversionService;' @88 
 - private final 'propertyEditorRegistrars' 'Ljava/util/Set;' @92 
 - private final 'customEditors' 'Ljava/util/Map;' @96 
 - private 'typeConverter' 'Lorg/springframework/beans/TypeConverter;' @100 
 - private final 'embeddedValueResolvers' 'Ljava/util/List;' @104 
 - private final 'beanPostProcessors' 'Ljava/util/List;' @108 
 - private 'beanPostProcessorCache' 'Lorg/springframework/beans/factory/support/AbstractBeanFactory$BeanPostProcessorCache;' @112 
 - private final 'scopes' 'Ljava/util/Map;' @116 
 - private final 'mergedBeanDefinitions' 'Ljava/util/Map;' @120 
 - private final 'alreadyCreated' 'Ljava/util/Set;' @124 
 - private final 'prototypesCurrentlyInCreation' 'Ljava/lang/ThreadLocal;' @128 
 - private 'applicationStartup' 'Lorg/springframework/core/metrics/ApplicationStartup;' @132 
 - private 'allowCircularReferences' 'Z' @22 
 - private 'allowRawInjectionDespiteWrapping' 'Z' @23 
 - private 'instantiationStrategy' 'Lorg/springframework/beans/factory/support/InstantiationStrategy;' @136 
 - private 'parameterNameDiscoverer' 'Lorg/springframework/core/ParameterNameDiscoverer;' @140 
 - private final 'ignoredDependencyTypes' 'Ljava/util/Set;' @144 
 - private final 'ignoredDependencyInterfaces' 'Ljava/util/Set;' @148 
 - private final 'currentlyCreatedBean' 'Lorg/springframework/core/NamedThreadLocal;' @152 
 - private final 'factoryBeanInstanceCache' 'Ljava/util/concurrent/ConcurrentMap;' @156 
 - private final 'factoryMethodCandidateCache' 'Ljava/util/concurrent/ConcurrentMap;' @160 
 - private final 'filteredPropertyDescriptorsCache' 'Ljava/util/concurrent/ConcurrentMap;' @164 
 - private 'allowBeanDefinitionOverriding' 'Z' @168 
 - private 'allowEagerClassLoading' 'Z' @169 
 - private volatile 'configurationFrozen' 'Z' @170 
 - private 'serializationId' 'Ljava/lang/String;' @172 
 - private 'dependencyComparator' 'Ljava/util/Comparator;' @176 
 - private 'autowireCandidateResolver' 'Lorg/springframework/beans/factory/support/AutowireCandidateResolver;' @180 
 - private final 'resolvableDependencies' 'Ljava/util/Map;' @184 
 - private final 'beanDefinitionMap' 'Ljava/util/Map;' @188 
 - private final 'mergedBeanDefinitionHolders' 'Ljava/util/Map;' @192 
 - private final 'allBeanNamesByType' 'Ljava/util/Map;' @196 
 - private final 'singletonBeanNamesByType' 'Ljava/util/Map;' @200 
 - private volatile 'beanDefinitionNames' 'Ljava/util/List;' @204 
 - private volatile 'manualSingletonNames' 'Ljava/util/Set;' @208 
 - private volatile 'frozenBeanDefinitionNames' '[Ljava/lang/String;' @212 
 - non-static oop maps: 12-16 24-164 172-212 
stack at sp + 7 slots: 0x00000224b4739ca0 points into unknown readable memory: 0x616c001d1e3e0003 | 03 00 3e 1e 1d 00 6c 61


---------------  P R O C E S S  ---------------

Threads class SMR info:
_java_thread_list=0x00000224b4c4e8f0, length=17, elements={
0x000002248d9d2ca0, 0x00000224b2a0c690, 0x00000224b2a0d5d0, 0x00000224b2a25f90,
0x00000224b2a26b40, 0x00000224b2a29500, 0x00000224b2a29eb0, 0x00000224b2a2e140,
0x00000224b3400130, 0x00000224b3403310, 0x00000224b355f860, 0x00000224b3563720,
0x00000224b3568040, 0x00000224b356f960, 0x00000224b3578bd0, 0x00000224b3756280,
0x00000224b5260d10
}

Java Threads: ( => current thread )
=>0x000002248d9d2ca0 JavaThread "main" [_thread_in_vm, id=17172, stack(0x000000b752700000,0x000000b752800000)]
  0x00000224b2a0c690 JavaThread "Reference Handler" daemon [_thread_blocked, id=27520, stack(0x000000b752e00000,0x000000b752f00000)]
  0x00000224b2a0d5d0 JavaThread "Finalizer" daemon [_thread_blocked, id=11248, stack(0x000000b752f00000,0x000000b753000000)]
  0x00000224b2a25f90 JavaThread "Signal Dispatcher" daemon [_thread_blocked, id=7632, stack(0x000000b753000000,0x000000b753100000)]
  0x00000224b2a26b40 JavaThread "Attach Listener" daemon [_thread_blocked, id=11764, stack(0x000000b753100000,0x000000b753200000)]
  0x00000224b2a29500 JavaThread "Service Thread" daemon [_thread_blocked, id=24412, stack(0x000000b753200000,0x000000b753300000)]
  0x00000224b2a29eb0 JavaThread "Monitor Deflation Thread" daemon [_thread_blocked, id=26076, stack(0x000000b753300000,0x000000b753400000)]
  0x00000224b2a2e140 JavaThread "C2 CompilerThread0" daemon [_thread_in_native, id=26320, stack(0x000000b753400000,0x000000b753500000)]
  0x00000224b3400130 JavaThread "C1 CompilerThread0" daemon [_thread_blocked, id=26912, stack(0x000000b753500000,0x000000b753600000)]
  0x00000224b3403310 JavaThread "Sweeper thread" daemon [_thread_blocked, id=5700, stack(0x000000b753600000,0x000000b753700000)]
  0x00000224b355f860 JavaThread "JDWP Transport Listener: dt_socket" daemon [_thread_blocked, id=25316, stack(0x000000b753700000,0x000000b753800000)]
  0x00000224b3563720 JavaThread "JDWP Event Helper Thread" daemon [_thread_blocked, id=26312, stack(0x000000b753800000,0x000000b753900000)]
  0x00000224b3568040 JavaThread "JDWP Command Reader" daemon [_thread_in_native, id=27420, stack(0x000000b753900000,0x000000b753a00000)]
  0x00000224b356f960 JavaThread "Notification Thread" daemon [_thread_blocked, id=28652, stack(0x000000b753a00000,0x000000b753b00000)]
  0x00000224b3578bd0 JavaThread "Common-Cleaner" daemon [_thread_blocked, id=15736, stack(0x000000b753c00000,0x000000b753d00000)]
  0x00000224b3756280 JavaThread "C2 CompilerThread1" daemon [_thread_in_native, id=28168, stack(0x000000b753d00000,0x000000b753e00000)]
  0x00000224b5260d10 JavaThread "C2 CompilerThread2" daemon [_thread_in_native, id=28096, stack(0x000000b754300000,0x000000b754400000)]

Other Threads:
  0x00000224b2a019a0 VMThread "VM Thread" [stack: 0x000000b752d00000,0x000000b752e00000] [id=25712]
  0x000002248da455d0 WatcherThread [stack: 0x000000b753b00000,0x000000b753c00000] [id=14144]
  0x000002248da299a0 GCTaskThread "GC Thread#0" [stack: 0x000000b752800000,0x000000b752900000] [id=24672]
  0x00000224b45e1b30 GCTaskThread "GC Thread#1" [stack: 0x000000b753e00000,0x000000b753f00000] [id=15004]
  0x00000224b466fc60 GCTaskThread "GC Thread#2" [stack: 0x000000b753f00000,0x000000b754000000] [id=11568]
  0x00000224b4606620 GCTaskThread "GC Thread#3" [stack: 0x000000b754000000,0x000000b754100000] [id=25144]
  0x00000224b4585870 GCTaskThread "GC Thread#4" [stack: 0x000000b754100000,0x000000b754200000] [id=9864]
  0x00000224b4585b20 GCTaskThread "GC Thread#5" [stack: 0x000000b754200000,0x000000b754300000] [id=20676]
  0x00000224b4a5c390 GCTaskThread "GC Thread#6" [stack: 0x000000b754400000,0x000000b754500000] [id=10908]
  0x00000224b49893d0 GCTaskThread "GC Thread#7" [stack: 0x000000b754500000,0x000000b754600000] [id=11756]
  0x00000224b4a91ed0 GCTaskThread "GC Thread#8" [stack: 0x000000b754600000,0x000000b754700000] [id=5456]
  0x00000224b4a92180 GCTaskThread "GC Thread#9" [stack: 0x000000b754700000,0x000000b754800000] [id=3220]
  0x000002248da3b750 ConcurrentGCThread "G1 Main Marker" [stack: 0x000000b752900000,0x000000b752a00000] [id=23508]
  0x000002248da3d910 ConcurrentGCThread "G1 Conc#0" [stack: 0x000000b752a00000,0x000000b752b00000] [id=28584]
  0x00000224b699b3b0 ConcurrentGCThread "G1 Conc#1" [stack: 0x000000b754800000,0x000000b754900000] [id=25036]
  0x00000224b699a390 ConcurrentGCThread "G1 Conc#2" [stack: 0x000000b754900000,0x000000b754a00000] [id=15828]
  0x000002248da8ea70 ConcurrentGCThread "G1 Refine#0" [stack: 0x000000b752b00000,0x000000b752c00000] [id=21484]
  0x00000224b7285cc0 ConcurrentGCThread "G1 Refine#1" [stack: 0x000000b754a00000,0x000000b754b00000] [id=14740]
  0x00000224b72848a0 ConcurrentGCThread "G1 Refine#2" [stack: 0x000000b754b00000,0x000000b754c00000] [id=9988]
  0x00000224b28bc670 ConcurrentGCThread "G1 Service" [stack: 0x000000b752c00000,0x000000b752d00000] [id=26616]

Threads with active compile tasks:
C2 CompilerThread0     3798 4018   !   4       org.springframework.beans.factory.support.DefaultSingletonBeanRegistry::getSingleton (147 bytes)
C2 CompilerThread1     3798 3999       4       org.springframework.beans.factory.support.AbstractAutowireCapableBeanFactory::predictBeanType (128 bytes)
C2 CompilerThread2     3798 4009   !   4       org.springframework.beans.factory.support.AbstractBeanFactory::getBeanPostProcessorCache (181 bytes)

VM state: not at safepoint (normal execution)

VM Mutex/Monitor currently owned by a thread: None

Heap address: 0x0000000702600000, size: 4058 MB, Compressed Oops mode: Zero based, Oop shift amount: 3

CDS archive(s) mapped at: [0x0000000800000000-0x0000000800bc0000-0x0000000800bc0000), size 12320768, SharedBaseAddress: 0x0000000800000000, ArchiveRelocationMode: 0.
Compressed class space mapped at: 0x0000000800c00000-0x0000000840c00000, reserved size: 1073741824
Narrow klass base: 0x0000000800000000, Narrow klass shift: 0, Narrow klass range: 0x100000000

GC Precious Log:
 CPUs: 12 total, 12 available
 Memory: 16228M
 Large Page Support: Disabled
 NUMA Support: Disabled
 Compressed Oops: Enabled (Zero based)
 Heap Region Size: 2M
 Heap Min Capacity: 8M
 Heap Initial Capacity: 254M
 Heap Max Capacity: 4058M
 Pre-touch: Disabled
 Parallel Workers: 10
 Concurrent Workers: 3
 Concurrent Refinement Workers: 10
 Periodic GC: Disabled

Heap:
 garbage-first heap   total 61440K, used 38175K [0x0000000702600000, 0x0000000800000000)
  region size 2048K, 12 young (24576K), 1 survivors (2048K)
 Metaspace       used 27742K, committed 28096K, reserved 1081344K
  class space    used 3571K, committed 3712K, reserved 1048576K

Heap Regions: E=young(eden), S=young(survivor), O=old, HS=humongous(starts), HC=humongous(continues), CS=collection set, F=free, OA=open archive, CA=closed archive, TAMS=top-at-mark-start (previous, next)
|   0|0x0000000702600000, 0x0000000702800000, 0x0000000702800000|100%| O|  |TAMS 0x0000000702800000, 0x0000000702600000| Untracked 
|   1|0x0000000702800000, 0x0000000702a00000, 0x0000000702a00000|100%| O|  |TAMS 0x0000000702a00000, 0x0000000702800000| Untracked 
|   2|0x0000000702a00000, 0x0000000702c00000, 0x0000000702c00000|100%| O|  |TAMS 0x0000000702c00000, 0x0000000702a00000| Untracked 
|   3|0x0000000702c00000, 0x0000000702c00000, 0x0000000702e00000|  0%| F|  |TAMS 0x0000000702c00000, 0x0000000702c00000| Untracked 
|   4|0x0000000702e00000, 0x0000000703000000, 0x0000000703000000|100%| O|  |TAMS 0x0000000702e00000, 0x0000000702e00000| Untracked 
|   5|0x0000000703000000, 0x0000000703200000, 0x0000000703200000|100%| O|  |TAMS 0x0000000703000000, 0x0000000703000000| Untracked 
|   6|0x0000000703200000, 0x0000000703400000, 0x0000000703400000|100%| O|  |TAMS 0x0000000703200000, 0x0000000703200000| Untracked 
|   7|0x0000000703400000, 0x0000000703600000, 0x0000000703600000|100%| O|  |TAMS 0x0000000703400000, 0x0000000703400000| Untracked 
|   8|0x0000000703600000, 0x0000000703800000, 0x0000000703800000|100%| O|  |TAMS 0x0000000703600000, 0x0000000703600000| Untracked 
|   9|0x0000000703800000, 0x00000007038c3c00, 0x0000000703a00000| 38%| O|  |TAMS 0x0000000703800000, 0x0000000703800000| Untracked 
|  10|0x0000000703a00000, 0x0000000703a00000, 0x0000000703c00000|  0%| F|  |TAMS 0x0000000703a00000, 0x0000000703a00000| Untracked 
|  11|0x0000000703c00000, 0x0000000703c00000, 0x0000000703e00000|  0%| F|  |TAMS 0x0000000703c00000, 0x0000000703c00000| Untracked 
|  12|0x0000000703e00000, 0x0000000703e00000, 0x0000000704000000|  0%| F|  |TAMS 0x0000000703e00000, 0x0000000703e00000| Untracked 
|  13|0x0000000704000000, 0x0000000704000000, 0x0000000704200000|  0%| F|  |TAMS 0x0000000704000000, 0x0000000704000000| Untracked 
|  14|0x0000000704200000, 0x0000000704200000, 0x0000000704400000|  0%| F|  |TAMS 0x0000000704200000, 0x0000000704200000| Untracked 
|  15|0x0000000704400000, 0x0000000704400000, 0x0000000704600000|  0%| F|  |TAMS 0x0000000704400000, 0x0000000704400000| Untracked 
|  16|0x0000000704600000, 0x0000000704600000, 0x0000000704800000|  0%| F|  |TAMS 0x0000000704600000, 0x0000000704600000| Untracked 
|  17|0x0000000704800000, 0x0000000704800000, 0x0000000704a00000|  0%| F|  |TAMS 0x0000000704800000, 0x0000000704800000| Untracked 
|  18|0x0000000704a00000, 0x0000000704b39518, 0x0000000704c00000| 61%| E|  |TAMS 0x0000000704a00000, 0x0000000704a00000| Complete 
|  19|0x0000000704c00000, 0x0000000704e00000, 0x0000000704e00000|100%| E|CS|TAMS 0x0000000704c00000, 0x0000000704c00000| Complete 
|  20|0x0000000704e00000, 0x0000000705000000, 0x0000000705000000|100%| E|CS|TAMS 0x0000000704e00000, 0x0000000704e00000| Complete 
|  21|0x0000000705000000, 0x0000000705200000, 0x0000000705200000|100%| E|CS|TAMS 0x0000000705000000, 0x0000000705000000| Complete 
|  22|0x0000000705200000, 0x0000000705400000, 0x0000000705400000|100%| E|CS|TAMS 0x0000000705200000, 0x0000000705200000| Complete 
|  23|0x0000000705400000, 0x0000000705600000, 0x0000000705600000|100%| E|CS|TAMS 0x0000000705400000, 0x0000000705400000| Complete 
|  24|0x0000000705600000, 0x0000000705800000, 0x0000000705800000|100%| E|CS|TAMS 0x0000000705600000, 0x0000000705600000| Complete 
|  82|0x000000070ca00000, 0x000000070cc00000, 0x000000070cc00000|100%| E|CS|TAMS 0x000000070ca00000, 0x000000070ca00000| Complete 
|  83|0x000000070cc00000, 0x000000070ce00000, 0x000000070ce00000|100%| E|CS|TAMS 0x000000070cc00000, 0x000000070cc00000| Complete 
|  84|0x000000070ce00000, 0x000000070d000000, 0x000000070d000000|100%| E|CS|TAMS 0x000000070ce00000, 0x000000070ce00000| Complete 
|  85|0x000000070d000000, 0x000000070d0842d0, 0x000000070d200000| 25%| S|CS|TAMS 0x000000070d000000, 0x000000070d000000| Complete 
| 126|0x0000000712200000, 0x0000000712400000, 0x0000000712400000|100%| E|CS|TAMS 0x0000000712200000, 0x0000000712200000| Complete 

Card table byte_map: [0x00000224a6e40000,0x00000224a7630000] _byte_map_base: 0x00000224a362d000

Marking Bits (Prev, Next): (CMBitMap*) 0x000002248da29ff0, (CMBitMap*) 0x000002248da29fb0
 Prev Bits: [0x00000224abd90000, 0x00000224afcf8000)
 Next Bits: [0x00000224a7e20000, 0x00000224abd88000)

Polling page: 0x000002248da90000

Metaspace:

Usage:
  Non-class:     23.60 MB used.
      Class:      3.49 MB used.
       Both:     27.09 MB used.

Virtual space:
  Non-class space:       32.00 MB reserved,      23.81 MB ( 74%) committed,  4 nodes.
      Class space:        1.00 GB reserved,       3.62 MB ( <1%) committed,  1 nodes.
             Both:        1.03 GB reserved,      27.44 MB (  3%) committed. 

Chunk freelists:
   Non-Class:  3.72 MB
       Class:  384.00 KB
        Both:  4.09 MB

MaxMetaspaceSize: unlimited
CompressedClassSpaceSize: 1.00 GB
Initial GC threshold: 21.00 MB
Current GC threshold: 35.12 MB
CDS: on
MetaspaceReclaimPolicy: balanced
 - commit_granule_bytes: 65536.
 - commit_granule_words: 8192.
 - virtual_space_node_default_size: 1048576.
 - enlarge_chunks_in_place: 1.
 - new_chunks_are_fully_committed: 0.
 - uncommit_free_chunks: 1.
 - use_allocation_guard: 0.
 - handle_deallocations: 1.


Internal statistics:

num_allocs_failed_limit: 3.
num_arena_births: 406.
num_arena_deaths: 0.
num_vsnodes_births: 5.
num_vsnodes_deaths: 0.
num_space_committed: 439.
num_space_uncommitted: 0.
num_chunks_returned_to_freelist: 3.
num_chunks_taken_from_freelist: 1428.
num_chunk_merges: 3.
num_chunk_splits: 993.
num_chunks_enlarged: 751.
num_purges: 0.
num_inconsistent_stats: 0.

CodeHeap 'non-profiled nmethods': size=120000Kb used=2472Kb max_used=2472Kb free=117527Kb
 bounds [0x000002249e490000, 0x000002249e700000, 0x00000224a59c0000]
CodeHeap 'profiled nmethods': size=120000Kb used=9302Kb max_used=9302Kb free=110697Kb
 bounds [0x0000022496f60000, 0x0000022497880000, 0x000002249e490000]
CodeHeap 'non-nmethods': size=5760Kb used=1269Kb max_used=1372Kb free=4490Kb
 bounds [0x00000224969c0000, 0x0000022496c30000, 0x0000022496f60000]
 total_blobs=4578 nmethods=4081 adapters=409
 compilation: enabled
              stopped_count=0, restarted_count=0
 full_count=0

Compilation events (20 events):
Event: 3.644 Thread 0x00000224b3400130 4099       2       ch.qos.logback.classic.Logger::createChildByName (99 bytes)
Event: 3.644 Thread 0x00000224b3400130 nmethod 4099 0x000002249786df90 code [0x000002249786e1a0, 0x000002249786e8f8]
Event: 3.653 Thread 0x00000224b3400130 4100 %     3       java.util.Properties$LineReader::readLine @ 293 (584 bytes)
Event: 3.654 Thread 0x00000224b5260d10 nmethod 3864 0x000002249e6dc910 code [0x000002249e6dd8c0, 0x000002249e6e6680]
Event: 3.655 Thread 0x00000224b5260d10 4009   !   4       org.springframework.beans.factory.support.AbstractBeanFactory::getBeanPostProcessorCache (181 bytes)
Event: 3.656 Thread 0x00000224b3400130 nmethod 4100% 0x000002249786ec10 code [0x000002249786f000, 0x0000022497872298]
Event: 3.656 Thread 0x00000224b3400130 4102       2       java.nio.charset.CoderResult::isUnderflow (13 bytes)
Event: 3.656 Thread 0x00000224b3400130 nmethod 4102 0x0000022497873290 code [0x0000022497873420, 0x0000022497873538]
Event: 3.663 Thread 0x00000224b3400130 4103       1       jdk.internal.loader.ClassLoaderHelper::mapAlternativeName (2 bytes)
Event: 3.664 Thread 0x00000224b3400130 nmethod 4103 0x000002249e6eb690 code [0x000002249e6eb820, 0x000002249e6eb8d8]
Event: 3.665 Thread 0x00000224b3400130 4104       2       java.io.File::<init> (111 bytes)
Event: 3.666 Thread 0x00000224b3400130 nmethod 4104 0x0000022497873610 code [0x0000022497873860, 0x0000022497873e58]
Event: 3.672 Thread 0x00000224b3400130 4106       2       jdk.internal.loader.NativeLibraries::loadLibrary (55 bytes)
Event: 3.672 Thread 0x00000224b3400130 nmethod 4106 0x0000022497874190 code [0x0000022497874380, 0x0000022497874708]
Event: 3.672 Thread 0x00000224b3400130 4108       2       jdk.internal.loader.NativeLibraries$1::<init> (15 bytes)
Event: 3.673 Thread 0x00000224b3400130 nmethod 4108 0x0000022497874910 code [0x0000022497874aa0, 0x0000022497874c78]
Event: 3.673 Thread 0x00000224b3400130 4109       2       jdk.internal.loader.NativeLibraries$1::run (5 bytes)
Event: 3.673 Thread 0x00000224b3400130 nmethod 4109 0x0000022497874d10 code [0x0000022497874f00, 0x0000022497875208]
Event: 3.676 Thread 0x00000224b3400130 4110       2       org.springframework.beans.factory.InjectionPoint::obtainMethodParameter (22 bytes)
Event: 3.676 Thread 0x00000224b3400130 nmethod 4110 0x0000022497875510 code [0x00000224978756c0, 0x00000224978758a8]

GC Heap History (10 events):
Event: 0.745 GC heap before
{Heap before GC invocations=0 (full 0):
 garbage-first heap   total 260096K, used 20480K [0x0000000702600000, 0x0000000800000000)
  region size 2048K, 11 young (22528K), 0 survivors (0K)
 Metaspace       used 4634K, committed 4864K, reserved 1056768K
  class space    used 527K, committed 640K, reserved 1048576K
}
Event: 0.748 GC heap after
{Heap after GC invocations=1 (full 0):
 garbage-first heap   total 260096K, used 7400K [0x0000000702600000, 0x0000000800000000)
  region size 2048K, 2 young (4096K), 2 survivors (4096K)
 Metaspace       used 4634K, committed 4864K, reserved 1056768K
  class space    used 527K, committed 640K, reserved 1048576K
}
Event: 1.154 GC heap before
{Heap before GC invocations=1 (full 0):
 garbage-first heap   total 260096K, used 31976K [0x0000000702600000, 0x0000000800000000)
  region size 2048K, 14 young (28672K), 2 survivors (4096K)
 Metaspace       used 10745K, committed 11008K, reserved 1064960K
  class space    used 1308K, committed 1472K, reserved 1048576K
}
Event: 1.158 GC heap after
{Heap after GC invocations=2 (full 0):
 garbage-first heap   total 260096K, used 9055K [0x0000000702600000, 0x0000000800000000)
  region size 2048K, 1 young (2048K), 1 survivors (2048K)
 Metaspace       used 10745K, committed 11008K, reserved 1064960K
  class space    used 1308K, committed 1472K, reserved 1048576K
}
Event: 2.594 GC heap before
{Heap before GC invocations=2 (full 0):
 garbage-first heap   total 260096K, used 88927K [0x0000000702600000, 0x0000000800000000)
  region size 2048K, 41 young (83968K), 1 survivors (2048K)
 Metaspace       used 21207K, committed 21504K, reserved 1073152K
  class space    used 2570K, committed 2752K, reserved 1048576K
}
Event: 2.601 GC heap after
{Heap after GC invocations=3 (full 0):
 garbage-first heap   total 260096K, used 15522K [0x0000000702600000, 0x0000000800000000)
  region size 2048K, 4 young (8192K), 4 survivors (8192K)
 Metaspace       used 21207K, committed 21504K, reserved 1073152K
  class space    used 2570K, committed 2752K, reserved 1048576K
}
Event: 3.095 GC heap before
{Heap before GC invocations=4 (full 0):
 garbage-first heap   total 61440K, used 44194K [0x0000000702600000, 0x0000000800000000)
  region size 2048K, 18 young (36864K), 4 survivors (8192K)
 Metaspace       used 24231K, committed 24512K, reserved 1073152K
  class space    used 3073K, committed 3200K, reserved 1048576K
}
Event: 3.104 GC heap after
{Heap after GC invocations=5 (full 0):
 garbage-first heap   total 61440K, used 17347K [0x0000000702600000, 0x0000000800000000)
  region size 2048K, 1 young (2048K), 1 survivors (2048K)
 Metaspace       used 24231K, committed 24512K, reserved 1073152K
  class space    used 3073K, committed 3200K, reserved 1048576K
}
Event: 3.143 GC heap before
{Heap before GC invocations=5 (full 0):
 garbage-first heap   total 61440K, used 19395K [0x0000000702600000, 0x0000000800000000)
  region size 2048K, 2 young (4096K), 1 survivors (2048K)
 Metaspace       used 24365K, committed 24704K, reserved 1073152K
  class space    used 3092K, committed 3264K, reserved 1048576K
}
Event: 3.148 GC heap after
{Heap after GC invocations=6 (full 0):
 garbage-first heap   total 61440K, used 17695K [0x0000000702600000, 0x0000000800000000)
  region size 2048K, 1 young (2048K), 1 survivors (2048K)
 Metaspace       used 24365K, committed 24704K, reserved 1073152K
  class space    used 3092K, committed 3264K, reserved 1048576K
}

Deoptimization events (20 events):
Event: 3.652 Thread 0x000002248d9d2ca0 DEOPT PACKING pc=0x000002249705e874 sp=0x000000b7527fcd50
Event: 3.652 Thread 0x000002248d9d2ca0 DEOPT UNPACKING pc=0x0000022496a12b43 sp=0x000000b7527fc1e8 mode 1
Event: 3.652 Thread 0x000002248d9d2ca0 DEOPT PACKING pc=0x000002249705dd5c sp=0x000000b7527fce20
Event: 3.652 Thread 0x000002248d9d2ca0 DEOPT UNPACKING pc=0x0000022496a12b43 sp=0x000000b7527fc2d8 mode 1
Event: 3.653 Thread 0x000002248d9d2ca0 Uncommon trap: trap_request=0xffffff45 fr.pc=0x000002249e5858cc relative=0x00000000000007ec
Event: 3.653 Thread 0x000002248d9d2ca0 Uncommon trap: reason=unstable_if action=reinterpret pc=0x000002249e5858cc method=java.util.Properties$LineReader.readLine()I @ 25 c2
Event: 3.653 Thread 0x000002248d9d2ca0 DEOPT PACKING pc=0x000002249e5858cc sp=0x000000b7527fcc00
Event: 3.653 Thread 0x000002248d9d2ca0 DEOPT UNPACKING pc=0x0000022496a123a3 sp=0x000000b7527fcb80 mode 2
Event: 3.653 Thread 0x000002248d9d2ca0 Uncommon trap: trap_request=0xffffff76 fr.pc=0x000002249e57f0ac relative=0x00000000000007ac
Event: 3.653 Thread 0x000002248d9d2ca0 Uncommon trap: reason=predicate action=maybe_recompile pc=0x000002249e57f0ac method=java.util.Properties$LineReader.readLine()I @ 53 c2
Event: 3.653 Thread 0x000002248d9d2ca0 DEOPT PACKING pc=0x000002249e57f0ac sp=0x000000b7527fcbf0
Event: 3.653 Thread 0x000002248d9d2ca0 DEOPT UNPACKING pc=0x0000022496a123a3 sp=0x000000b7527fcb98 mode 2
Event: 3.654 Thread 0x000002248d9d2ca0 Uncommon trap: trap_request=0xffffff45 fr.pc=0x000002249e630a38 relative=0x00000000000000b8
Event: 3.654 Thread 0x000002248d9d2ca0 Uncommon trap: reason=unstable_if action=reinterpret pc=0x000002249e630a38 method=java.nio.Buffer.position(I)Ljava/nio/Buffer; @ 37 c2
Event: 3.654 Thread 0x000002248d9d2ca0 DEOPT PACKING pc=0x000002249e630a38 sp=0x000000b7527fc820
Event: 3.654 Thread 0x000002248d9d2ca0 DEOPT UNPACKING pc=0x0000022496a123a3 sp=0x000000b7527fc760 mode 2
Event: 3.654 Thread 0x000002248d9d2ca0 Uncommon trap: trap_request=0xffffff45 fr.pc=0x000002249e62ae20 relative=0x00000000000000a0
Event: 3.654 Thread 0x000002248d9d2ca0 Uncommon trap: reason=unstable_if action=reinterpret pc=0x000002249e62ae20 method=java.nio.Buffer.position(I)Ljava/nio/Buffer; @ 37 c2
Event: 3.655 Thread 0x000002248d9d2ca0 DEOPT PACKING pc=0x000002249e62ae20 sp=0x000000b7527fc7d0
Event: 3.655 Thread 0x000002248d9d2ca0 DEOPT UNPACKING pc=0x0000022496a123a3 sp=0x000000b7527fc768 mode 2

Classes unloaded (0 events):
No events

Classes redefined (0 events):
No events

Internal exceptions (20 events):
Event: 3.192 Thread 0x000002248d9d2ca0 Exception <a 'java/lang/NoSuchMethodError'{0x00000007123f6f90}: 'int java.lang.invoke.DirectMethodHandle$Holder.invokeVirtual(java.lang.Object, java.lang.Object)'> (0x00000007123f6f90) 
thrown [t:\workspace\open\src\hotspot\share\interpreter\linkResolver.cpp, line 766]
Event: 3.192 Thread 0x000002248d9d2ca0 Exception <a 'java/lang/NoSuchMethodError'{0x00000007123fb190}: 'int java.lang.invoke.DirectMethodHandle$Holder.invokeStaticInit(java.lang.Object, int, int)'> (0x00000007123fb190) 
thrown [t:\workspace\open\src\hotspot\share\interpreter\linkResolver.cpp, line 766]
Event: 3.193 Thread 0x000002248d9d2ca0 Exception <a 'java/lang/NoSuchMethodError'{0x000000070ce03820}: 'int java.lang.invoke.DirectMethodHandle$Holder.invokeStaticInit(java.lang.Object, long, long)'> (0x000000070ce03820) 
thrown [t:\workspace\open\src\hotspot\share\interpreter\linkResolver.cpp, line 766]
Event: 3.194 Thread 0x000002248d9d2ca0 Exception <a 'java/lang/NoSuchMethodError'{0x000000070ce0a670}: 'int java.lang.invoke.DirectMethodHandle$Holder.invokeStaticInit(java.lang.Object, float, float)'> (0x000000070ce0a670) 
thrown [t:\workspace\open\src\hotspot\share\interpreter\linkResolver.cpp, line 766]
Event: 3.195 Thread 0x000002248d9d2ca0 Exception <a 'java/lang/NoSuchMethodError'{0x000000070ce114c8}: 'int java.lang.invoke.DirectMethodHandle$Holder.invokeStaticInit(java.lang.Object, double, double)'> (0x000000070ce114c8) 
thrown [t:\workspace\open\src\hotspot\share\interpreter\linkResolver.cpp, line 766]
Event: 3.195 Thread 0x000002248d9d2ca0 Exception <a 'java/lang/NoSuchMethodError'{0x000000070ce15a98}: 'int java.lang.invoke.DirectMethodHandle$Holder.invokeStatic(java.lang.Object, long)'> (0x000000070ce15a98) 
thrown [t:\workspace\open\src\hotspot\share\interpreter\linkResolver.cpp, line 766]
Event: 3.198 Thread 0x000002248d9d2ca0 Exception <a 'java/lang/NoSuchMethodError'{0x000000070ce3a4b8}: 'int java.lang.invoke.DirectMethodHandle$Holder.invokeSpecial(java.lang.Object, java.lang.Object, int)'> (0x000000070ce3a4b8) 
thrown [t:\workspace\open\src\hotspot\share\interpreter\linkResolver.cpp, line 766]
Event: 3.199 Thread 0x000002248d9d2ca0 Exception <a 'java/lang/NoSuchMethodError'{0x000000070ce41e18}: 'int java.lang.invoke.Invokers$Holder.linkToTargetMethod(java.lang.Object, java.lang.Object)'> (0x000000070ce41e18) 
thrown [t:\workspace\open\src\hotspot\share\interpreter\linkResolver.cpp, line 766]
Event: 3.212 Thread 0x000002248d9d2ca0 Exception <a 'java/lang/NoSuchMethodError'{0x000000070cedc7d0}: 'java.lang.Object java.lang.invoke.DirectMethodHandle$Holder.invokeSpecial(java.lang.Object, java.lang.Object, java.lang.Object, java.lang.Object, java.lang.Object, java.lang.Object, java.lang.Object, java.lang.Object, java.lang.Object, java.lang.Object)'> (0x000000070cedc7d0) 
thrown [t:\workspace\open\src\hotspot\share\interpreter\linkResolver.cpp, line 766]
Event: 3.213 Thread 0x000002248d9d2ca0 Exception <a 'java/lang/NoSuchMethodError'{0x000000070cee0db8}: 'java.lang.Object java.lang.invoke.Invokers$Holder.invoke_MT(java.lang.Object, java.lang.Object, java.lang.Object, java.lang.Object, java.lang.Object, java.lang.Object, java.lang.Object, java.lang.Object, java.lang.Object, java.lang.Object)'> (0x000000070cee0db8) 
thrown [t:\workspace\open\src\hotspot\share\interpreter\linkResolver.cpp, line 766]
Event: 3.219 Thread 0x000002248d9d2ca0 Exception <a 'java/lang/NoSuchMethodError'{0x000000070cf21840}: 'java.lang.Object java.lang.invoke.DirectMethodHandle$Holder.invokeSpecial(java.lang.Object, java.lang.Object, int, java.lang.Object, java.lang.Object)'> (0x000000070cf21840) 
thrown [t:\workspace\open\src\hotspot\share\interpreter\linkResolver.cpp, line 766]
Event: 3.220 Thread 0x000002248d9d2ca0 Exception <a 'java/lang/NoSuchMethodError'{0x000000070cf254e8}: 'java.lang.Object java.lang.invoke.DelegatingMethodHandle$Holder.delegate(java.lang.Object, int, java.lang.Object, java.lang.Object)'> (0x000000070cf254e8) 
thrown [t:\workspace\open\src\hotspot\share\interpreter\linkResolver.cpp, line 766]
Event: 3.221 Thread 0x000002248d9d2ca0 Exception <a 'java/lang/NoSuchMethodError'{0x000000070cf36370}: 'int java.lang.invoke.Invokers$Holder.linkToTargetMethod(java.lang.Object, java.lang.Object, java.lang.Object)'> (0x000000070cf36370) 
thrown [t:\workspace\open\src\hotspot\share\interpreter\linkResolver.cpp, line 766]
Event: 3.309 Thread 0x000002248d9d2ca0 Exception <a 'java/lang/NoClassDefFoundError'{0x000000070ca455d0}: org/flywaydb/core/Flyway> (0x000000070ca455d0) 
thrown [t:\workspace\open\src\hotspot\share\classfile\systemDictionary.cpp, line 245]
Event: 3.309 Thread 0x000002248d9d2ca0 Exception <a 'java/lang/NoClassDefFoundError'{0x000000070ca47458}: liquibase/integration/spring/SpringLiquibase> (0x000000070ca47458) 
thrown [t:\workspace\open\src\hotspot\share\classfile\systemDictionary.cpp, line 245]
Event: 3.378 Thread 0x000002248d9d2ca0 Exception <a 'java/lang/NoClassDefFoundError'{0x00000007057f7b48}: org/jooq/DSLContext> (0x00000007057f7b48) 
thrown [t:\workspace\open\src\hotspot\share\classfile\systemDictionary.cpp, line 245]
Event: 3.379 Thread 0x000002248d9d2ca0 Exception <a 'java/lang/NoClassDefFoundError'{0x000000070542bef8}: org/springframework/batch/core/repository/JobRepository> (0x000000070542bef8) 
thrown [t:\workspace\open\src\hotspot\share\classfile\systemDictionary.cpp, line 245]
Event: 3.380 Thread 0x000002248d9d2ca0 Exception <a 'java/lang/NoClassDefFoundError'{0x000000070542da78}: org/quartz/Scheduler> (0x000000070542da78) 
thrown [t:\workspace\open\src\hotspot\share\classfile\systemDictionary.cpp, line 245]
Event: 3.380 Thread 0x000002248d9d2ca0 Exception <a 'java/lang/NoClassDefFoundError'{0x000000070542fa88}: org/springframework/session/jdbc/JdbcIndexedSessionRepository> (0x000000070542fa88) 
thrown [t:\workspace\open\src\hotspot\share\classfile\systemDictionary.cpp, line 245]
Event: 3.460 Thread 0x000002248d9d2ca0 Implicit null exception at 0x000002249e6635c6 to 0x000002249e66931c

VM Operations (20 events):
Event: 3.143 Executing VM operation: G1CollectForAllocation
Event: 3.148 Executing VM operation: G1CollectForAllocation done
Event: 3.185 Executing VM operation: HandshakeAllThreads
Event: 3.185 Executing VM operation: HandshakeAllThreads done
Event: 3.202 Executing VM operation: HandshakeAllThreads
Event: 3.202 Executing VM operation: HandshakeAllThreads done
Event: 3.205 Executing VM operation: HandshakeAllThreads
Event: 3.205 Executing VM operation: HandshakeAllThreads done
Event: 3.228 Executing VM operation: HandshakeAllThreads
Event: 3.228 Executing VM operation: HandshakeAllThreads done
Event: 3.385 Executing VM operation: HandshakeAllThreads
Event: 3.385 Executing VM operation: HandshakeAllThreads done
Event: 3.450 Executing VM operation: HandshakeAllThreads
Event: 3.450 Executing VM operation: HandshakeAllThreads done
Event: 3.504 Executing VM operation: HandshakeAllThreads
Event: 3.504 Executing VM operation: HandshakeAllThreads done
Event: 3.591 Executing VM operation: ICBufferFull
Event: 3.591 Executing VM operation: ICBufferFull done
Event: 3.614 Executing VM operation: HandshakeAllThreads
Event: 3.614 Executing VM operation: HandshakeAllThreads done

Events (20 events):
Event: 3.651 loading class java/util/spi/ResourceBundleControlProvider
Event: 3.651 loading class java/util/spi/ResourceBundleControlProvider done
Event: 3.651 loading class java/util/ServiceLoader$ProviderSpliterator
Event: 3.651 loading class java/util/ServiceLoader$ProviderSpliterator done
Event: 3.652 loading class java/util/ResourceBundle$CacheKey
Event: 3.652 loading class java/util/ResourceBundle$CacheKey done
Event: 3.652 loading class java/util/ResourceBundle$KeyElementReference
Event: 3.652 loading class java/util/ResourceBundle$CacheKeyReference
Event: 3.652 loading class java/util/ResourceBundle$CacheKeyReference done
Event: 3.652 loading class java/util/ResourceBundle$KeyElementReference done
Event: 3.652 loading class java/util/ResourceBundle$Control$2
Event: 3.652 loading class java/util/ResourceBundle$Control$2 done
Event: 3.653 loading class java/util/PropertyResourceBundle
Event: 3.653 loading class java/util/PropertyResourceBundle done
Event: 3.653 loading class sun/util/PropertyResourceBundleCharset
Event: 3.653 loading class sun/util/PropertyResourceBundleCharset done
Event: 3.653 loading class sun/util/PropertyResourceBundleCharset$PropertiesFileDecoder
Event: 3.653 loading class sun/util/PropertyResourceBundleCharset$PropertiesFileDecoder done
Event: 3.655 loading class java/util/ResourceBundle$BundleReference
Event: 3.655 loading class java/util/ResourceBundle$BundleReference done


Dynamic libraries:
0x00007ff775720000 - 0x00007ff775730000 	C:\Program Files\Java\jdk-17.0.1\bin\java.exe
0x00007fff028b0000 - 0x00007fff02aa8000 	C:\WINDOWS\SYSTEM32\ntdll.dll
0x00007ffed6620000 - 0x00007ffed6639000 	C:\Program Files\AVAST Software\Avast\aswhook.dll
0x00007fff020c0000 - 0x00007fff0217f000 	C:\WINDOWS\System32\KERNEL32.DLL
0x00007fff004b0000 - 0x00007fff007a6000 	C:\WINDOWS\System32\KERNELBASE.dll
0x00007fff00100000 - 0x00007fff00200000 	C:\WINDOWS\System32\ucrtbase.dll
0x00007ffedc410000 - 0x00007ffedc42a000 	C:\Program Files\Java\jdk-17.0.1\bin\VCRUNTIME140.dll
0x00007ffee3e70000 - 0x00007ffee3e88000 	C:\Program Files\Java\jdk-17.0.1\bin\jli.dll
0x00007fff00a60000 - 0x00007fff00b0f000 	C:\WINDOWS\System32\ADVAPI32.dll
0x00007fff01bb0000 - 0x00007fff01c4e000 	C:\WINDOWS\System32\msvcrt.dll
0x00007fff01510000 - 0x00007fff015ac000 	C:\WINDOWS\System32\sechost.dll
0x00007fff017e0000 - 0x00007fff01906000 	C:\WINDOWS\System32\RPCRT4.dll
0x00007fff01640000 - 0x00007fff017dd000 	C:\WINDOWS\System32\USER32.dll
0x00007fff000d0000 - 0x00007fff000f2000 	C:\WINDOWS\System32\win32u.dll
0x00007ffeeb7b0000 - 0x00007ffeeba4a000 	C:\WINDOWS\WinSxS\amd64_microsoft.windows.common-controls_6595b64144ccf1df_6.0.19041.1110_none_60b5254171f9507e\COMCTL32.dll
0x00007fff00ce0000 - 0x00007fff00d0c000 	C:\WINDOWS\System32\GDI32.dll
0x00007fff00390000 - 0x00007fff004a5000 	C:\WINDOWS\System32\gdi32full.dll
0x00007ffefffc0000 - 0x00007fff0005d000 	C:\WINDOWS\System32\msvcp_win.dll
0x00007ffef7ef0000 - 0x00007ffef7efa000 	C:\WINDOWS\SYSTEM32\VERSION.dll
0x00007fff00cb0000 - 0x00007fff00ce0000 	C:\WINDOWS\System32\IMM32.DLL
0x00007ffefba20000 - 0x00007ffefba2c000 	C:\Program Files\Java\jdk-17.0.1\bin\vcruntime140_1.dll
0x00007ffe4e2c0000 - 0x00007ffe4e34d000 	C:\Program Files\Java\jdk-17.0.1\bin\msvcp140.dll
0x00007ffe2af00000 - 0x00007ffe2babe000 	C:\Program Files\Java\jdk-17.0.1\bin\server\jvm.dll
0x00007fff01b30000 - 0x00007fff01b38000 	C:\WINDOWS\System32\PSAPI.DLL
0x00007ffeede40000 - 0x00007ffeede49000 	C:\WINDOWS\SYSTEM32\WSOCK32.dll
0x00007ffeecb20000 - 0x00007ffeecb47000 	C:\WINDOWS\SYSTEM32\WINMM.dll
0x00007fff01b40000 - 0x00007fff01bab000 	C:\WINDOWS\System32\WS2_32.dll
0x00007ffefde10000 - 0x00007ffefde22000 	C:\WINDOWS\SYSTEM32\kernel.appcore.dll
0x00007ffee5640000 - 0x00007ffee564a000 	C:\Program Files\Java\jdk-17.0.1\bin\jimage.dll
0x00007ffef4f60000 - 0x00007ffef5144000 	C:\WINDOWS\SYSTEM32\DBGHELP.DLL
0x00007ffef4da0000 - 0x00007ffef4dd4000 	C:\WINDOWS\SYSTEM32\dbgcore.DLL
0x00007fff00300000 - 0x00007fff00382000 	C:\WINDOWS\System32\bcryptPrimitives.dll
0x00007ffecf4e0000 - 0x00007ffecf51b000 	C:\Program Files\Java\jdk-17.0.1\bin\jdwp.dll
0x00007ffedc3e0000 - 0x00007ffedc405000 	C:\Program Files\Java\jdk-17.0.1\bin\java.dll
0x00007ffe32d90000 - 0x00007ffe32e66000 	C:\Program Files\Java\jdk-17.0.1\bin\svml.dll
0x00007fff00d10000 - 0x00007fff01454000 	C:\WINDOWS\System32\SHELL32.dll
0x00007ffefe010000 - 0x00007ffefe7a3000 	C:\WINDOWS\SYSTEM32\windows.storage.dll
0x00007fff022b0000 - 0x00007fff02604000 	C:\WINDOWS\System32\combase.dll
0x00007ffeff9f0000 - 0x00007ffeffa1e000 	C:\WINDOWS\SYSTEM32\Wldp.dll
0x00007fff01460000 - 0x00007fff0150d000 	C:\WINDOWS\System32\SHCORE.dll
0x00007fff01a70000 - 0x00007fff01ac5000 	C:\WINDOWS\System32\shlwapi.dll
0x00007ffeffed0000 - 0x00007ffeffeef000 	C:\WINDOWS\SYSTEM32\profapi.dll
0x00007ffee5160000 - 0x00007ffee516c000 	C:\Program Files\Java\jdk-17.0.1\bin\dt_socket.dll
0x00007ffeff3c0000 - 0x00007ffeff3fc000 	C:\WINDOWS\SYSTEM32\IPHLPAPI.DLL
0x00007ffeff700000 - 0x00007ffeff76a000 	C:\WINDOWS\system32\mswsock.dll
0x00007ffeff400000 - 0x00007ffeff4cb000 	C:\WINDOWS\SYSTEM32\DNSAPI.dll
0x00007fff01a60000 - 0x00007fff01a68000 	C:\WINDOWS\System32\NSI.dll
0x00007ffef7570000 - 0x00007ffef757a000 	C:\Windows\System32\rasadhlp.dll
0x00007ffef5170000 - 0x00007ffef51f2000 	C:\WINDOWS\System32\fwpuclnt.dll
0x00007ffefff90000 - 0x00007ffefffb7000 	C:\WINDOWS\System32\bcrypt.dll
0x00007ffebfff0000 - 0x00007ffec0009000 	C:\Program Files\Java\jdk-17.0.1\bin\net.dll
0x00007ffef8a60000 - 0x00007ffef8b6a000 	C:\WINDOWS\SYSTEM32\WINHTTP.dll
0x00007ffebfa90000 - 0x00007ffebfaa5000 	C:\Program Files\Java\jdk-17.0.1\bin\nio.dll
0x00007ffec38b0000 - 0x00007ffec38c8000 	C:\Program Files\Java\jdk-17.0.1\bin\zip.dll
0x00007ffee51a0000 - 0x00007ffee51b0000 	C:\Program Files\Java\jdk-17.0.1\bin\verify.dll

dbghelp: loaded successfully - version: 4.0.5 - missing functions: none
symbol engine: initialized successfully - sym options: 0x614 - pdb path: .;C:\Program Files\Java\jdk-17.0.1\bin;C:\WINDOWS\SYSTEM32;C:\Program Files\AVAST Software\Avast;C:\WINDOWS\WinSxS\amd64_microsoft.windows.common-controls_6595b64144ccf1df_6.0.19041.1110_none_60b5254171f9507e;C:\Program Files\Java\jdk-17.0.1\bin\server

VM Arguments:
jvm_args: -agentlib:jdwp=transport=dt_socket,server=n,suspend=y,address=localhost:57946 -XX:+ShowCodeDetailsInExceptionMessages 
java_command: com.zetcco.jobscoutserver.JobscoutServerApplication
java_class_path (initial): E:\Work\Projects\Ruhuna\MatchSkill\demo-backend\jobscout-demo-backend\jobscout-server\target\classes;C:\Users\Arjun\.m2\repository\org\springframework\boot\spring-boot-starter-actuator\3.0.2\spring-boot-starter-actuator-3.0.2.jar;C:\Users\Arjun\.m2\repository\org\springframework\boot\spring-boot-starter\3.0.2\spring-boot-starter-3.0.2.jar;C:\Users\Arjun\.m2\repository\org\springframework\boot\spring-boot\3.0.2\spring-boot-3.0.2.jar;C:\Users\Arjun\.m2\repository\org\springframework\boot\spring-boot-autoconfigure\3.0.2\spring-boot-autoconfigure-3.0.2.jar;C:\Users\Arjun\.m2\repository\org\springframework\boot\spring-boot-starter-logging\3.0.2\spring-boot-starter-logging-3.0.2.jar;C:\Users\Arjun\.m2\repository\ch\qos\logback\logback-classic\1.4.5\logback-classic-1.4.5.jar;C:\Users\Arjun\.m2\repository\ch\qos\logback\logback-core\1.4.5\logback-core-1.4.5.jar;C:\Users\Arjun\.m2\repository\org\apache\logging\log4j\log4j-to-slf4j\2.19.0\log4j-to-slf4j-2.19.0.jar;C:\Users\Arjun\.m2\repository\org\apache\logging\log4j\log4j-api\2.19.0\log4j-api-2.19.0.jar;C:\Users\Arjun\.m2\repository\org\slf4j\jul-to-slf4j\2.0.6\jul-to-slf4j-2.0.6.jar;C:\Users\Arjun\.m2\repository\jakarta\annotation\jakarta.annotation-api\2.1.1\jakarta.annotation-api-2.1.1.jar;C:\Users\Arjun\.m2\repository\org\yaml\snakeyaml\1.33\snakeyaml-1.33.jar;C:\Users\Arjun\.m2\repository\org\springframework\boot\spring-boot-actuator-autoconfigure\3.0.2\spring-boot-actuator-autoconfigure-3.0.2.jar;C:\Users\Arjun\.m2\repository\org\springframework\boot\spring-boot-actuator\3.0.2\spring-boot-actuator-3.0.2.jar;C:\Users\Arjun\.m2\repository\com\fasterxml\jackson\datatype\jackson-datatype-jsr310\2.14.1\jackson-datatype-jsr310-2.14.1.jar;C:\Users\Arjun\.m2\repository\io\micrometer\micrometer-observation\1.10.3\micrometer-observation-1.10.3.jar;C:\Users\Arjun\.m2\repository\io\micrometer\micrometer-commons\1.10.3\micrometer-commons-1.10.3.jar;C:\Users\Arjun\.m2\repository\io\micrometer\micrometer
Launcher Type: SUN_STANDARD

[Global flags]
     intx CICompilerCount                          = 4                                         {product} {ergonomic}
     uint ConcGCThreads                            = 3                                         {product} {ergonomic}
     uint G1ConcRefinementThreads                  = 10                                        {product} {ergonomic}
   size_t G1HeapRegionSize                         = 2097152                                   {product} {ergonomic}
    uintx GCDrainStackTargetSize                   = 64                                        {product} {ergonomic}
   size_t InitialHeapSize                          = 266338304                                 {product} {ergonomic}
   size_t MarkStackSize                            = 4194304                                   {product} {ergonomic}
   size_t MaxHeapSize                              = 4255121408                                {product} {ergonomic}
   size_t MaxNewSize                               = 2552233984                                {product} {ergonomic}
   size_t MinHeapDeltaBytes                        = 2097152                                   {product} {ergonomic}
   size_t MinHeapSize                              = 8388608                                   {product} {ergonomic}
    uintx NonNMethodCodeHeapSize                   = 5839372                                {pd product} {ergonomic}
    uintx NonProfiledCodeHeapSize                  = 122909434                              {pd product} {ergonomic}
    uintx ProfiledCodeHeapSize                     = 122909434                              {pd product} {ergonomic}
    uintx ReservedCodeCacheSize                    = 251658240                              {pd product} {ergonomic}
     bool SegmentedCodeCache                       = true                                      {product} {ergonomic}
     bool ShowCodeDetailsInExceptionMessages       = true                                   {manageable} {command line}
   size_t SoftMaxHeapSize                          = 4255121408                             {manageable} {ergonomic}
     bool UseCompressedClassPointers               = true                           {product lp64_product} {ergonomic}
     bool UseCompressedOops                        = true                           {product lp64_product} {ergonomic}
     bool UseG1GC                                  = true                                      {product} {ergonomic}
     bool UseLargePagesIndividualAllocation        = false                                  {pd product} {ergonomic}

Logging:
Log output configuration:
 #0: stdout all=warning uptime,level,tags
 #1: stderr all=off uptime,level,tags

Environment Variables:
JAVA_HOME=C:\Program Files\Java\jdk-18.0.1.1
PATH=;C:\Program Files\Eclipse Adoptium\jdk-17.0.5.8-hotspot\bin;C:\Program Files (x86)\VMware\VMware Player\bin\;C:\Program Files (x86)\Common Files\Intel\Shared Libraries\redist\intel64\compiler;C:\Program Files\Common Files\Oracle\Java\javapath;C:\ProgramData\Oracle\Java\javapath;C:\Windows\system32;C:\Windows;C:\Windows\System32\Wbem;C:\Windows\System32\WindowsPowerShell\v1.0\;C:\Windows\System32\OpenSSH\;C:\Program Files (x86)\NVIDIA Corporation\PhysX\Common;C:\Program Files\NVIDIA Corporation\NVIDIA NvDLISR;C:\MinGW\bin;C:\WINDOWS\system32;C:\WINDOWS;C:\WINDOWS\System32\Wbem;C:\WINDOWS\System32\WindowsPowerShell\v1.0\;C:\ProgramData\chocolatey\bin;C:\Program Files (x86)\Windows Kits\10\Windows Performance Toolkit\;E:\Matlab\runtime\win64;E:\Matlab\bin;E:\Matlab\polyspace\bin;C:\WINDOWS\System32\OpenSSH\;C:\Program Files\CMake\bin;C:\Program Files\dotnet\;C:\Program Files\Microsoft SQL Server\130\Tools\Binn\;C:\Program Files\Microsoft SQL Server\Client SDK\ODBC\170\Tools\Binn\;C:\Program Files (x86)\Microsoft SQL Server\160\Tools\Binn\;C:\Program Files\Microsoft SQL Server\160\Tools\Binn\;C:\Program Files\Microsoft SQL Server\160\DTS\Binn\;C:\Program Files\Microsoft SQL Server\150\Tools\Binn\;C:\Users\Arjun\AppData\Roaming\nvm;C:\Program Files\nodejs;C:\Program Files\GitHub CLI\;F:\dev\flutter\bin;C:\Program Files\NVIDIA Corporation\Nsight Compute 2022.2.0\;C:\Program Files\Git\cmd;C:\Program Files\Docker\Docker\resources\bin;C:\Users\Arjun\AppData\Local\Programs\Python\Python310\Scripts\;C:\Users\Arjun\AppData\Local\Programs\Python\Python310\;C:\Users\Arjun\AppData\Local\Programs\Python\Python38\Scripts\;C:\Users\Arjun\AppData\Local\Programs\Python\Python38\;C:\Users\Arjun\AppData\Local\Microsoft\WindowsApps;C:\Program Files (x86)\Vim\vim82;F:\Softwares\nvim-win64\bin;F:\IntelliJ\IntelliJ IDEA Community Edition 2021.2.2\bin;;C:\Users\Arjun\AppData\Local\Programs\oh-my-posh\bin;C:\Users\Arjun\AppData\Local\Programs\oh-my-posh\themes;C:\Users\Arjun\AppData\Roaming\
USERNAME=Arjun
LANG=en_US.UTF-8
OS=Windows_NT
PROCESSOR_IDENTIFIER=Intel64 Family 6 Model 158 Stepping 13, GenuineIntel



---------------  S Y S T E M  ---------------

OS:
 Windows 10 , 64 bit Build 19041 (10.0.19041.2913)
OS uptime: 0 days 6:36 hours
Hyper-V role detected

CPU: total 12 (initial active 12) (6 cores per cpu, 2 threads per core) family 6 model 158 stepping 13 microcode 0xb8, cx8, cmov, fxsr, ht, mmx, 3dnowpref, sse, sse2, sse3, ssse3, sse4.1, sse4.2, popcnt, lzcnt, tsc, tscinvbit, avx, avx2, aes, erms, clmul, bmi1, bmi2, adx, fma, vzeroupper, clflush, clflushopt, hv

Memory: 4k page, system-wide physical 16228M (2923M free)
TotalPageFile size 26468M (AvailPageFile size 5501M)
current process WorkingSet (physical memory assigned to process): 231M, peak: 242M
current process commit charge ("private bytes"): 283M, peak: 417M

vm_info: Java HotSpot(TM) 64-Bit Server VM (17.0.1+12-LTS-39) for windows-amd64 JRE (17.0.1+12-LTS-39), built on Sep 27 2021 18:41:35 by "mach5one" with MS VC++ 16.8 (VS2019)

END.
